<?xml version="1.0" encoding="UTF-8"?>
<!-- Generated by org.testng.reporters.JUnitXMLReporter -->
<testsuite hostname="Malindas-MacBook-Pro.local" ignored="0" name="Command line test" tests="6" failures="0" timestamp="2020-08-19T20:46:15 PDT" time="0.602" errors="0">
  <testcase name="testEnterSingle_input" time="0.213" classname="org.antlr.Python3BaseListenerTest"/>
  <testcase name="testClassFunc" time="0.216" classname="TestParser"/>
  <testcase name="testListComp" time="0.014" classname="TestParser"/>
  <testcase name="testStatements" time="0.008" classname="TestParser"/>
  <testcase name="testTryExcept" time="0.007" classname="TestParser"/>
  <testcase name="testcase6" time="0.108" classname="TestParser"/>
</testsuite> <!-- Command line test -->
