<?xml version="1.0" encoding="UTF-8"?>
<testng-results skipped="0" failed="0" ignored="0" total="6" passed="6">
  <reporter-output>
  </reporter-output>
  <suite name="Command line suite" duration-ms="602" started-at="2020-08-19T20:46:14 PDT" finished-at="2020-08-19T20:46:15 PDT">
    <groups>
    </groups>
    <test name="Command line test" duration-ms="602" started-at="2020-08-19T20:46:14 PDT" finished-at="2020-08-19T20:46:15 PDT">
      <class name="org.antlr.Python3BaseListenerTest">
        <test-method status="PASS" signature="testEnterSingle_input()[pri:0, instance:org.antlr.Python3BaseListenerTest@77cd7a0]" name="testEnterSingle_input" duration-ms="213" started-at="2020-08-19T20:46:14 PDT" finished-at="2020-08-19T20:46:14 PDT">
          <reporter-output>
          </reporter-output>
        </test-method> <!-- testEnterSingle_input -->
      </class> <!-- org.antlr.Python3BaseListenerTest -->
      <class name="TestParser">
        <test-method status="PASS" signature="testClassFunc()[pri:0, instance:TestParser@204f30ec]" name="testClassFunc" duration-ms="216" started-at="2020-08-19T20:46:14 PDT" finished-at="2020-08-19T20:46:15 PDT">
          <reporter-output>
          </reporter-output>
        </test-method> <!-- testClassFunc -->
        <test-method status="PASS" signature="testListComp()[pri:0, instance:TestParser@204f30ec]" name="testListComp" duration-ms="14" started-at="2020-08-19T20:46:15 PDT" finished-at="2020-08-19T20:46:15 PDT">
          <reporter-output>
          </reporter-output>
        </test-method> <!-- testListComp -->
        <test-method status="PASS" signature="testStatements()[pri:0, instance:TestParser@204f30ec]" name="testStatements" duration-ms="8" started-at="2020-08-19T20:46:15 PDT" finished-at="2020-08-19T20:46:15 PDT">
          <reporter-output>
          </reporter-output>
        </test-method> <!-- testStatements -->
        <test-method status="PASS" signature="testTryExcept()[pri:0, instance:TestParser@204f30ec]" name="testTryExcept" duration-ms="7" started-at="2020-08-19T20:46:15 PDT" finished-at="2020-08-19T20:46:15 PDT">
          <reporter-output>
          </reporter-output>
        </test-method> <!-- testTryExcept -->
        <test-method status="PASS" signature="testcase6()[pri:0, instance:TestParser@204f30ec]" name="testcase6" duration-ms="108" started-at="2020-08-19T20:46:15 PDT" finished-at="2020-08-19T20:46:15 PDT">
          <reporter-output>
          </reporter-output>
        </test-method> <!-- testcase6 -->
      </class> <!-- TestParser -->
    </test> <!-- Command line test -->
  </suite> <!-- Command line suite -->
</testng-results>
